2021-09-15 12:26:19,362 INFO org.springframework.boot.StartupInfoLogger [main] Starting SpringDemoApplication using Java 11.0.12 on lenovo with PID 7311 (/home/sevo/Desktop/SpringDemo-1/target/classes started by sevo in /home/sevo/Desktop/SpringDemo-1)
2021-09-15 12:26:19,372 DEBUG org.springframework.boot.StartupInfoLogger [main] Running with Spring Boot v2.5.3, Spring v5.3.9
2021-09-15 12:26:19,373 INFO org.springframework.boot.SpringApplication [main] No active profile set, falling back to default profiles: default
2021-09-15 12:26:22,177 INFO org.springframework.data.repository.config.RepositoryConfigurationDelegate [main] Bootstrapping Spring Data JPA repositories in DEFAULT mode.
2021-09-15 12:26:22,319 INFO org.springframework.data.repository.config.RepositoryConfigurationDelegate [main] Finished Spring Data repository scanning in 134 ms. Found 3 JPA repository interfaces.
2021-09-15 12:26:23,576 INFO org.springframework.boot.web.embedded.tomcat.TomcatWebServer [main] Tomcat initialized with port(s): 8080 (http)
2021-09-15 12:26:23,606 INFO org.apache.juli.logging.DirectJDKLog [main] Initializing ProtocolHandler ["http-nio-8080"]
2021-09-15 12:26:23,607 INFO org.apache.juli.logging.DirectJDKLog [main] Starting service [Tomcat]
2021-09-15 12:26:23,607 INFO org.apache.juli.logging.DirectJDKLog [main] Starting Servlet engine: [Apache Tomcat/9.0.50]
2021-09-15 12:26:23,817 INFO org.apache.juli.logging.DirectJDKLog [main] Initializing Spring embedded WebApplicationContext
2021-09-15 12:26:23,817 INFO org.springframework.boot.web.servlet.context.ServletWebServerApplicationContext [main] Root WebApplicationContext: initialization completed in 4082 ms
2021-09-15 12:26:24,774 INFO org.hibernate.jpa.internal.util.LogHelper [main] HHH000204: Processing PersistenceUnitInfo [name: default]
2021-09-15 12:26:25,031 INFO org.hibernate.Version [main] HHH000412: Hibernate ORM core version 5.4.32.Final
2021-09-15 12:26:25,789 INFO org.hibernate.annotations.common.reflection.java.JavaReflectionManager [main] HCANN000001: Hibernate Commons Annotations {5.1.2.Final}
2021-09-15 12:26:26,182 INFO com.zaxxer.hikari.HikariDataSource [main] HikariPool-1 - Starting...
2021-09-15 12:26:28,734 INFO com.zaxxer.hikari.HikariDataSource [main] HikariPool-1 - Start completed.
2021-09-15 12:26:28,805 INFO org.hibernate.dialect.Dialect [main] HHH000400: Using dialect: org.hibernate.dialect.MySQL57Dialect
2021-09-15 12:26:32,533 INFO org.hibernate.engine.transaction.jta.platform.internal.JtaPlatformInitiator [main] HHH000490: Using JtaPlatform implementation: [org.hibernate.engine.transaction.jta.platform.internal.NoJtaPlatform]
2021-09-15 12:26:32,540 INFO org.springframework.orm.jpa.AbstractEntityManagerFactoryBean [main] Initialized JPA EntityManagerFactory for persistence unit 'default'
2021-09-15 12:26:32,616 WARN org.springframework.boot.autoconfigure.orm.jpa.JpaBaseConfiguration$JpaWebConfiguration [main] spring.jpa.open-in-view is enabled by default. Therefore, database queries may be performed during view rendering. Explicitly configure spring.jpa.open-in-view to disable this warning
2021-09-15 12:26:34,251 INFO org.springframework.boot.autoconfigure.web.servlet.WelcomePageHandlerMapping [main] Adding welcome page template: index
2021-09-15 12:26:34,900 INFO org.springframework.security.web.DefaultSecurityFilterChain [main] Will secure any request with [org.springframework.security.web.context.request.async.WebAsyncManagerIntegrationFilter@4172c967, org.springframework.security.web.context.SecurityContextPersistenceFilter@7890fbf9, org.springframework.security.web.header.HeaderWriterFilter@670aac24, org.springframework.security.web.authentication.logout.LogoutFilter@5507584d, org.springframework.security.web.authentication.UsernamePasswordAuthenticationFilter@374bf34b, org.springframework.security.web.authentication.ui.DefaultLoginPageGeneratingFilter@19542115, org.springframework.security.web.authentication.ui.DefaultLogoutPageGeneratingFilter@71ac5723, org.springframework.security.web.savedrequest.RequestCacheAwareFilter@167bae0b, org.springframework.security.web.servletapi.SecurityContextHolderAwareRequestFilter@6920fa35, org.springframework.security.web.authentication.AnonymousAuthenticationFilter@7bb3294c, org.springframework.security.web.session.SessionManagementFilter@1977b0df, org.springframework.security.web.access.ExceptionTranslationFilter@29c76d75, org.springframework.security.web.access.intercept.FilterSecurityInterceptor@7f6a6d46]
2021-09-15 12:26:34,955 INFO org.apache.juli.logging.DirectJDKLog [main] Starting ProtocolHandler ["http-nio-8080"]
2021-09-15 12:26:35,035 INFO org.springframework.boot.web.embedded.tomcat.TomcatWebServer [main] Tomcat started on port(s): 8080 (http) with context path ''
2021-09-15 12:26:35,095 INFO org.springframework.boot.StartupInfoLogger [main] Started SpringDemoApplication in 20.533 seconds (JVM running for 36.785)
2021-09-15 12:27:45,415 INFO org.apache.juli.logging.DirectJDKLog [http-nio-8080-exec-1] Initializing Spring DispatcherServlet 'dispatcherServlet'
2021-09-15 12:27:45,434 INFO org.springframework.web.servlet.FrameworkServlet [http-nio-8080-exec-1] Initializing Servlet 'dispatcherServlet'
2021-09-15 12:27:45,435 INFO org.springframework.web.servlet.FrameworkServlet [http-nio-8080-exec-1] Completed initialization in 1 ms
2021-09-15 12:27:45,989 WARN org.apache.juli.logging.DirectJDKLog [http-nio-8080-exec-1] Creation of SecureRandom instance for session ID generation using [SHA1PRNG] took [124] milliseconds.
